TpTrace Verbose: 0 : 25636, 1, 2021/08/09, 17:17:21.442, 9503523751362, datacollector.dll, Version: 16.10.0
TpTrace Information: 0 : 25636, 1, 2021/08/09, 17:17:21.446, 9503523769647, datacollector.dll, DataCollectorMain.Run: Starting data collector run with args: --port,57329,--parentprocessid,16296,--diag,C:\Users\matt.hudson\source\repos\TicTacTotallyAwesome\TicTacTotallyAwesome\bin\Debug\netcoreapp3.1\fine-code-coverage\coverage-tool-output\diagnostics.datacollector.21-08-09_17-17-21_34073_4.log,--tracelevel,4
TpTrace Information: 0 : 25636, 1, 2021/08/09, 17:17:21.447, 9503523772340, datacollector.dll, DataCollector: Monitoring parent process with id: '16296'
TpTrace Information: 0 : 25636, 1, 2021/08/09, 17:17:21.453, 9503523837989, datacollector.dll, Trying to connect to server on socket : 127.0.0.1:57329 
TpTrace Verbose: 0 : 25636, 1, 2021/08/09, 17:17:21.475, 9503524061118, datacollector.dll, SocketCommunicationManager : SetupClientAsync : Attempting to connect to the server.
TpTrace Information: 0 : 25636, 7, 2021/08/09, 17:17:21.481, 9503524119893, datacollector.dll, Connected to the server successfully 
TpTrace Information: 0 : 25636, 7, 2021/08/09, 17:17:21.481, 9503524120462, datacollector.dll, Using the buffer size of 16384 bytes
TpTrace Information: 0 : 25636, 1, 2021/08/09, 17:17:21.533, 9503524640746, datacollector.dll, DataCollector: Start Request Processing.
TpTrace Information: 0 : 25636, 1, 2021/08/09, 17:17:21.536, 9503524663709, datacollector.dll, DataCollectionRequestHandler.ProcessRequests : Datacollector received message: (DataCollection.BeforeTestRunStart) -> {
  "SettingsXml": "<RunSettings><RunConfiguration><ResultsDirectory>C:\\Users\\matt.hudson\\source\\repos\\TicTacTotallyAwesome\\TicTacTotallyAwesome\\bin\\Debug\\netcoreapp3.1\\fine-code-coverage\\coverage-tool-output</ResultsDirectory><TargetPlatform>X64</TargetPlatform><TargetFrameworkVersion>.NETCoreApp,Version=v3.1</TargetFrameworkVersion><DesignMode>False</DesignMode><CollectSourceInformation>False</CollectSourceInformation><TestAdaptersPaths>C:\\Program Files\\dotnet\\sdk\\5.0.302\\Extensions</TestAdaptersPaths></RunConfiguration><LoggerRunSettings><Loggers><Logger friendlyName=\"blame\" enabled=\"True\" /><Logger friendlyName=\"Console\" uri=\"logger://microsoft/TestPlatform/ConsoleLogger/v1\" assemblyQualifiedName=\"Microsoft.VisualStudio.TestPlatform.CommandLine.Internal.ConsoleLogger, vstest.console, Version=15.0.0.0, Culture=neutral, PublicKeyToken=b03f5f7f11d50a3a\" codeBase=\"C:\\Program Files\\dotnet\\sdk\\5.0.302\\vstest.console.dll\" enabled=\"True\" /></Loggers></LoggerRunSettings><DataCollectionRunSettings><DataCollectors><DataCollector friendlyName=\"blame\" enabled=\"True\"><Configuration><ResultsDirectory>C:\\Users\\matt.hudson\\source\\repos\\TicTacTotallyAwesome\\TicTacTotallyAwesome\\bin\\Debug\\netcoreapp3.1\\fine-code-coverage\\coverage-tool-output</ResultsDirectory></Configuration></DataCollector></DataCollectors></DataCollectionRunSettings></RunSettings>",
  "Sources": [
    "C:\\Users\\matt.hudson\\source\\repos\\TicTacTotallyAwesome\\TicTacTotallyAwesome\\bin\\Debug\\netcoreapp3.1\\fine-code-coverage\\build-output\\TicTacTotallyAwesome.dll"
  ],
  "IsTelemetryOptedIn": false
}
TpTrace Verbose: 0 : 25636, 1, 2021/08/09, 17:17:21.562, 9503524925228, datacollector.dll, TestPluginCache: Update extensions started. Skip filter = False
TpTrace Verbose: 0 : 25636, 1, 2021/08/09, 17:17:21.563, 9503524932629, datacollector.dll, TestPluginCache: Using directories for assembly resolution 'C:\Program Files\dotnet\sdk\5.0.302\Extensions'.
TpTrace Verbose: 0 : 25636, 1, 2021/08/09, 17:17:21.563, 9503524933121, datacollector.dll, TestPluginCache: Updated the available extensions to 'C:\Program Files\dotnet\sdk\5.0.302\Extensions\Microsoft.TestPlatform.Extensions.BlameDataCollector.dll,C:\Program Files\dotnet\sdk\5.0.302\Extensions\Microsoft.TestPlatform.Extensions.EventLogCollector.dll'.
TpTrace Verbose: 0 : 25636, 1, 2021/08/09, 17:17:21.567, 9503524973514, datacollector.dll, TestPluginCache.DiscoverTestExtensions: finding test extensions in assemblies ends with: Collector.dll TPluginInfo: Microsoft.VisualStudio.TestPlatform.Common.DataCollector.DataCollectorConfig TExtension: Microsoft.VisualStudio.TestPlatform.ObjectModel.DataCollection.DataCollector
TpTrace Verbose: 0 : 25636, 1, 2021/08/09, 17:17:21.567, 9503524974911, datacollector.dll, TestPluginCache.GetExtensionPaths: Filtered extension paths: C:\Program Files\dotnet\sdk\5.0.302\Extensions\Microsoft.TestPlatform.Extensions.BlameDataCollector.dll
C:\Program Files\dotnet\sdk\5.0.302\Extensions\Microsoft.TestPlatform.Extensions.EventLogCollector.dll
TpTrace Verbose: 0 : 25636, 1, 2021/08/09, 17:17:21.567, 9503524975282, datacollector.dll, TestPluginCache.GetExtensionPaths: Added default extension paths: 
TpTrace Verbose: 0 : 25636, 1, 2021/08/09, 17:17:21.567, 9503524975501, datacollector.dll, TestPluginCache.GetExtensionPaths: Added unfilterableExtensionPaths: 
TpTrace Information: 0 : 25636, 1, 2021/08/09, 17:17:21.567, 9503524978947, datacollector.dll, AssemblyResolver.ctor: Creating AssemblyResolver with searchDirectories C:\Program Files\dotnet\sdk\5.0.302\Extensions,C:\Program Files\dotnet\sdk\5.0.302
TpTrace Verbose: 0 : 25636, 1, 2021/08/09, 17:17:21.568, 9503524990505, datacollector.dll, TestPluginCache.DiscoverTestExtensions: Discovering the extensions using extension path.
TpTrace Verbose: 0 : 25636, 1, 2021/08/09, 17:17:21.568, 9503524991367, datacollector.dll, TestPluginCache.GetExtensionPaths: Filtered extension paths: C:\Program Files\dotnet\sdk\5.0.302\Extensions\Microsoft.TestPlatform.Extensions.BlameDataCollector.dll
C:\Program Files\dotnet\sdk\5.0.302\Extensions\Microsoft.TestPlatform.Extensions.EventLogCollector.dll
TpTrace Verbose: 0 : 25636, 1, 2021/08/09, 17:17:21.569, 9503524991677, datacollector.dll, TestPluginCache.GetExtensionPaths: Added default extension paths: 
TpTrace Verbose: 0 : 25636, 1, 2021/08/09, 17:17:21.569, 9503524991928, datacollector.dll, TestPluginCache.GetExtensionPaths: Added unfilterableExtensionPaths: 
TpTrace Verbose: 0 : 25636, 1, 2021/08/09, 17:17:21.569, 9503524992287, datacollector.dll, TestPluginCache.DiscoverTestExtensions: Discovering the extensions using allExtensionPaths: C:\Program Files\dotnet\sdk\5.0.302\Extensions\Microsoft.TestPlatform.Extensions.BlameDataCollector.dll
C:\Program Files\dotnet\sdk\5.0.302\Extensions\Microsoft.TestPlatform.Extensions.EventLogCollector.dll
TpTrace Information: 0 : 25636, 1, 2021/08/09, 17:17:21.569, 9503524992928, datacollector.dll, AssemblyResolver.AddSearchDirectories: Adding more searchDirectories C:\Program Files\dotnet\sdk\5.0.302\Extensions,C:\Program Files\dotnet\sdk\5.0.302
TpTrace Information: 0 : 25636, 1, 2021/08/09, 17:17:21.569, 9503524993367, datacollector.dll, AssemblyResolver.AddSearchDirectories: Adding more searchDirectories C:\Program Files\dotnet\sdk\5.0.302\Extensions,C:\Program Files\dotnet\sdk\5.0.302
TpTrace Information: 0 : 25636, 1, 2021/08/09, 17:17:21.569, 9503524995934, datacollector.dll, AssemblyResolver.OnResolve: Microsoft.TestPlatform.Extensions.BlameDataCollector: Resolving assembly.
TpTrace Information: 0 : 25636, 1, 2021/08/09, 17:17:21.569, 9503524996400, datacollector.dll, AssemblyResolver.OnResolve: Microsoft.TestPlatform.Extensions.BlameDataCollector: Searching in: 'C:\Program Files\dotnet\sdk\5.0.302\Extensions'.
TpTrace Information: 0 : 25636, 1, 2021/08/09, 17:17:21.569, 9503524999834, datacollector.dll, AssemblyResolver.OnResolve: Microsoft.TestPlatform.Extensions.BlameDataCollector: Loading assembly 'C:\Program Files\dotnet\sdk\5.0.302\Extensions\Microsoft.TestPlatform.Extensions.BlameDataCollector.dll'.
TpTrace Information: 0 : 25636, 1, 2021/08/09, 17:17:21.570, 9503525005087, datacollector.dll, AssemblyResolver.OnResolve: Resolved assembly: Microsoft.TestPlatform.Extensions.BlameDataCollector, from path: C:\Program Files\dotnet\sdk\5.0.302\Extensions\Microsoft.TestPlatform.Extensions.BlameDataCollector.dll
TpTrace Error: 0 : 25636, 1, 2021/08/09, 17:17:21.571, 9503525012206, datacollector.dll, The type "Microsoft.TestPlatform.Extensions.BlameDataCollector.BlameCollector" defined in "Microsoft.TestPlatform.Extensions.BlameDataCollector.dll" does not have ExtensionUri attribute.
TpTrace Information: 0 : 25636, 1, 2021/08/09, 17:17:21.571, 9503525020546, datacollector.dll, AssemblyResolver.OnResolve: Microsoft.TestPlatform.Extensions.EventLogCollector: Resolving assembly.
TpTrace Information: 0 : 25636, 1, 2021/08/09, 17:17:21.571, 9503525020991, datacollector.dll, AssemblyResolver.OnResolve: Microsoft.TestPlatform.Extensions.EventLogCollector: Searching in: 'C:\Program Files\dotnet\sdk\5.0.302\Extensions'.
TpTrace Information: 0 : 25636, 1, 2021/08/09, 17:17:21.572, 9503525023180, datacollector.dll, AssemblyResolver.OnResolve: Microsoft.TestPlatform.Extensions.EventLogCollector: Loading assembly 'C:\Program Files\dotnet\sdk\5.0.302\Extensions\Microsoft.TestPlatform.Extensions.EventLogCollector.dll'.
TpTrace Information: 0 : 25636, 1, 2021/08/09, 17:17:21.572, 9503525028448, datacollector.dll, AssemblyResolver.OnResolve: Resolved assembly: Microsoft.TestPlatform.Extensions.EventLogCollector, from path: C:\Program Files\dotnet\sdk\5.0.302\Extensions\Microsoft.TestPlatform.Extensions.EventLogCollector.dll
TpTrace Error: 0 : 25636, 1, 2021/08/09, 17:17:21.574, 9503525043112, datacollector.dll, The type "Microsoft.TestPlatform.Extensions.EventLogCollector.EventLogDataCollector" defined in "Microsoft.TestPlatform.Extensions.EventLogCollector.dll" does not have ExtensionUri attribute.
TpTrace Verbose: 0 : 25636, 1, 2021/08/09, 17:17:21.574, 9503525044981, datacollector.dll, TestPluginCache: Discovered the extensions using extension path 'C:\Program Files\dotnet\sdk\5.0.302\Extensions\Microsoft.TestPlatform.Extensions.BlameDataCollector.dll,C:\Program Files\dotnet\sdk\5.0.302\Extensions\Microsoft.TestPlatform.Extensions.EventLogCollector.dll'.
TpTrace Verbose: 0 : 25636, 1, 2021/08/09, 17:17:21.574, 9503525045366, datacollector.dll, TestPluginCache: Discoverers are ''.
TpTrace Verbose: 0 : 25636, 1, 2021/08/09, 17:17:21.574, 9503525045626, datacollector.dll, TestPluginCache: Executors are ''.
TpTrace Verbose: 0 : 25636, 1, 2021/08/09, 17:17:21.574, 9503525045828, datacollector.dll, TestPluginCache: Executors2 are ''.
TpTrace Verbose: 0 : 25636, 1, 2021/08/09, 17:17:21.574, 9503525046016, datacollector.dll, TestPluginCache: Setting providers are ''.
TpTrace Verbose: 0 : 25636, 1, 2021/08/09, 17:17:21.574, 9503525046202, datacollector.dll, TestPluginCache: Loggers are ''.
TpTrace Information: 0 : 25636, 1, 2021/08/09, 17:17:21.575, 9503525054561, datacollector.dll, TestPluginManager.CreateTestExtension: Attempting to load test extension: Microsoft.TestPlatform.Extensions.BlameDataCollector.BlameCollector
TpTrace Error: 0 : 25636, 1, 2021/08/09, 17:17:21.575, 9503525057236, datacollector.dll, The type "Microsoft.TestPlatform.Extensions.BlameDataCollector.BlameCollector" defined in "Microsoft.TestPlatform.Extensions.BlameDataCollector.dll" does not have ExtensionUri attribute.
TpTrace Information: 0 : 25636, 1, 2021/08/09, 17:17:21.579, 9503525101288, datacollector.dll, Listening on Endpoint : 127.0.0.1:57331
TpTrace Information: 0 : 25636, 1, 2021/08/09, 17:17:21.584, 9503525144791, datacollector.dll, DataCollectionRequestHandler.ProcessRequests : DataCollection started.
TpTrace Information: 0 : 25636, 1, 2021/08/09, 17:17:21.619, 9503525495069, datacollector.dll, DataCollectionRequestHandler.ProcessRequests : Datacollector received message: (DataCollection.AfterTestRunEnd) -> false
TpTrace Error: 0 : 25636, 7, 2021/08/09, 17:18:51.594, 9504425251149, datacollector.dll, DataCollectionRequestHandler.HandleBeforeTestRunStart: TestCaseEventHandler timed out while connecting to the Sender.
TpTrace Error: 0 : 25636, 7, 2021/08/09, 17:18:51.605, 9504425352363, datacollector.dll, DataCollectionRequestHandler.HandleBeforeTestRunStart : Error occurred during initialization of TestHost : Microsoft.VisualStudio.TestPlatform.ObjectModel.TestPlatformException: datacollector process failed to connect to testhost process after 90 seconds. This may occur due to machine slowness, please set environment variable VSTEST_CONNECTION_TIMEOUT to increase timeout.
   at Microsoft.VisualStudio.TestPlatform.CommunicationUtilities.DataCollection.DataCollectionRequestHandler.<HandleBeforeTestRunStart>b__24_0()
TpTrace Information: 0 : 25636, 1, 2021/08/09, 17:18:51.605, 9504425355144, datacollector.dll, Blame Collector : Session End
TpTrace Information: 0 : 25636, 1, 2021/08/09, 17:18:51.605, 9504425355630, datacollector.dll, BlameCollector.CollectDumpAndAbortTesthost: Custom path to dump directory was provided via VSTEST_DUMP_PATH. Skipping attachment upload, the caller is responsible for collecting and uploading the dumps themselves.
TpTrace Information: 0 : 25636, 1, 2021/08/09, 17:18:51.605, 9504425357112, datacollector.dll, DataCollectionManager.CleanupPlugins: CleanupPlugins called
TpTrace Verbose: 0 : 25636, 1, 2021/08/09, 17:18:51.605, 9504425357503, datacollector.dll, DataCollectionManager.CleanupPlugins: Cleaning up 1 plugins
TpTrace Verbose: 0 : 25636, 1, 2021/08/09, 17:18:51.605, 9504425358145, datacollector.dll, dataCollectorInfo.DisposeDataCollector: calling Dispose() on Microsoft.TestPlatform.Extensions.BlameDataCollector.BlameCollector
TpTrace Information: 0 : 25636, 1, 2021/08/09, 17:18:51.605, 9504425358611, datacollector.dll, DataCollectionManager.CleanupPlugins: CleanupPlugins finished
TpTrace Information: 0 : 25636, 1, 2021/08/09, 17:18:51.608, 9504425390182, datacollector.dll, DataCollectionRequestHandler.ProcessRequests : Session End message received from server. Closing the connection.
TpTrace Information: 0 : 25636, 1, 2021/08/09, 17:18:51.609, 9504425391935, datacollector.dll, Closing the connection !
TpTrace Information: 0 : 25636, 1, 2021/08/09, 17:18:51.609, 9504425392291, datacollector.dll, DataCollectionRequestHandler.ProcessRequests : DataCollection completed
TpTrace Information: 0 : 25636, 1, 2021/08/09, 17:18:51.609, 9504425392540, datacollector.dll, Program.Main: exiting datacollector process.
